# JRE version: OpenJDK Runtime Environment (10.0.2+13) (build 10.0.2+13-Ubuntu-1ubuntu0.18.04.2)
# Java VM: OpenJDK 64-Bit Server VM (10.0.2+13-Ubuntu-1ubuntu0.18.04.2, mixed mode, tiered, compressed oops, g1 gc, linux-amd64)
Heap:
 garbage-first heap   total 660480K, used 191988K [0x00000000c0000000, 0x0000000100000000)
  region size 1024K, 3 young (3072K), 3 survivors (3072K)
 Metaspace       used 47881K, capacity 50037K, committed 50176K, reserved 1093632K
  class space    used 4511K, capacity 5281K, committed 5376K, reserved 1048576K
GC Heap History (10 events):
Event: 288.722 GC heap after
{Heap after GC invocations=66 (full 0):
 garbage-first heap   total 401408K, used 186076K [0x00000000c0000000, 0x0000000100000000)
  region size 1024K, 2 young (2048K), 2 survivors (2048K)
 Metaspace       used 47424K, capacity 49684K, committed 49920K, reserved 1093632K
  class space    used 4448K, capacity 5249K, committed 5376K, reserved 1048576K
}
Event: 294.858 GC heap before
{Heap before GC invocations=66 (full 0):
 garbage-first heap   total 401408K, used 203484K [0x00000000c0000000, 0x0000000100000000)
  region size 1024K, 19 young (19456K), 2 survivors (2048K)
 Metaspace       used 47530K, capacity 49749K, committed 49920K, reserved 1093632K
  class space    used 4456K, capacity 5249K, committed 5376K, reserved 1048576K
}
Event: 294.887 GC heap after
{Heap after GC invocations=67 (full 0):
 garbage-first heap   total 401408K, used 187781K [0x00000000c0000000, 0x0000000100000000)
  region size 1024K, 3 young (3072K), 3 survivors (3072K)
 Metaspace       used 47530K, capacity 49749K, committed 49920K, reserved 1093632K
  class space    used 4456K, capacity 5249K, committed 5376K, reserved 1048576K
}
Event: 300.813 GC heap before
{Heap before GC invocations=68 (full 0):
 garbage-first heap   total 401408K, used 204165K [0x00000000c0000000, 0x0000000100000000)
  region size 1024K, 19 young (19456K), 3 survivors (3072K)
 Metaspace       used 47708K, capacity 49877K, committed 50176K, reserved 1093632K
  class space    used 4481K, capacity 5249K, committed 5376K, reserved 1048576K
}
Event: 302.183 GC heap after
{Heap after GC invocations=69 (full 0):
 garbage-first heap   total 401408K, used 189918K [0x00000000c0000000, 0x0000000100000000)
  region size 1024K, 3 young (3072K), 3 survivors (3072K)
 Metaspace       used 47708K, capacity 49877K, committed 50176K, reserved 1093632K
  class space    used 4481K, capacity 5249K, committed 5376K, reserved 1048576K
}
Event: 310.014 GC heap before
{Heap before GC invocations=69 (full 0):
 garbage-first heap   total 401408K, used 206302K [0x00000000c0000000, 0x0000000100000000)
  region size 1024K, 19 young (19456K), 3 survivors (3072K)
 Metaspace       used 47837K, capacity 50037K, committed 50176K, reserved 1093632K
  class space    used 4505K, capacity 5281K, committed 5376K, reserved 1048576K
}
Event: 311.045 GC heap after
{Heap after GC invocations=70 (full 0):
 garbage-first heap   total 401408K, used 191103K [0x00000000c0000000, 0x0000000100000000)
  region size 1024K, 2 young (2048K), 2 survivors (2048K)
 Metaspace       used 47837K, capacity 50037K, committed 50176K, reserved 1093632K
  class space    used 4505K, capacity 5281K, committed 5376K, reserved 1048576K
}
Event: 322.526 GC heap before
{Heap before GC invocations=71 (full 0):
 garbage-first heap   total 401408K, used 208511K [0x00000000c0000000, 0x0000000100000000)
  region size 1024K, 19 young (19456K), 2 survivors (2048K)
 Metaspace       used 47880K, capacity 50037K, committed 50176K, reserved 1093632K
  class space    used 4511K, capacity 5281K, committed 5376K, reserved 1048576K
}
Event: 333.069 GC heap after
{Heap after GC invocations=72 (full 0):
 garbage-first heap   total 401408K, used 191484K [0x00000000c0000000, 0x0000000100000000)
  region size 1024K, 2 young (2048K), 2 survivors (2048K)
 Metaspace       used 47880K, capacity 50037K, committed 50176K, reserved 1093632K
  class space    used 4511K, capacity 5281K, committed 5376K, reserved 1048576K
}
Event: 341.377 GC heap before
{Heap before GC invocations=72 (full 0):
 garbage-first heap   total 401408K, used 208892K [0x00000000c0000000, 0x0000000100000000)
  region size 1024K, 19 young (19456K), 2 survivors (2048K)
 Metaspace       used 47881K, capacity 50037K, committed 50176K, reserved 1093632K
  class space    used 4511K, capacity 5281K, committed 5376K, reserved 1048576K
}

