# JRE version: OpenJDK Runtime Environment (10.0.2+13) (build 10.0.2+13-Ubuntu-1ubuntu0.18.04.2)
# Java VM: OpenJDK 64-Bit Server VM (10.0.2+13-Ubuntu-1ubuntu0.18.04.2, mixed mode, tiered, compressed oops, g1 gc, linux-amd64)
Heap:
 garbage-first heap   total 586752K, used 196283K [0x00000000c0000000, 0x0000000100000000)
  region size 1024K, 2 young (2048K), 2 survivors (2048K)
 Metaspace       used 49476K, capacity 51789K, committed 52048K, reserved 1095680K
  class space    used 4657K, capacity 5450K, committed 5456K, reserved 1048576K
GC Heap History (10 events):
Event: 214.646 GC heap after
{Heap after GC invocations=96 (full 0):
 garbage-first heap   total 278528K, used 186935K [0x00000000c0000000, 0x0000000100000000)
  region size 1024K, 2 young (2048K), 2 survivors (2048K)
 Metaspace       used 49467K, capacity 51789K, committed 52048K, reserved 1095680K
  class space    used 4657K, capacity 5450K, committed 5456K, reserved 1048576K
}
Event: 215.735 GC heap before
{Heap before GC invocations=96 (full 0):
 garbage-first heap   total 278528K, used 198199K [0x00000000c0000000, 0x0000000100000000)
  region size 1024K, 13 young (13312K), 2 survivors (2048K)
 Metaspace       used 49467K, capacity 51789K, committed 52048K, reserved 1095680K
  class space    used 4657K, capacity 5450K, committed 5456K, reserved 1048576K
}
Event: 215.759 GC heap after
{Heap after GC invocations=97 (full 0):
 garbage-first heap   total 278528K, used 187981K [0x00000000c0000000, 0x0000000100000000)
  region size 1024K, 2 young (2048K), 2 survivors (2048K)
 Metaspace       used 49467K, capacity 51789K, committed 52048K, reserved 1095680K
  class space    used 4657K, capacity 5450K, committed 5456K, reserved 1048576K
}
Event: 222.378 GC heap before
{Heap before GC invocations=97 (full 0):
 garbage-first heap   total 278528K, used 199245K [0x00000000c0000000, 0x0000000100000000)
  region size 1024K, 13 young (13312K), 2 survivors (2048K)
 Metaspace       used 49467K, capacity 51789K, committed 52048K, reserved 1095680K
  class space    used 4657K, capacity 5450K, committed 5456K, reserved 1048576K
}
Event: 222.402 GC heap after
{Heap after GC invocations=98 (full 0):
 garbage-first heap   total 278528K, used 189159K [0x00000000c0000000, 0x0000000100000000)
  region size 1024K, 2 young (2048K), 2 survivors (2048K)
 Metaspace       used 49467K, capacity 51789K, committed 52048K, reserved 1095680K
  class space    used 4657K, capacity 5450K, committed 5456K, reserved 1048576K
}
Event: 226.563 GC heap before
{Heap before GC invocations=98 (full 0):
 garbage-first heap   total 278528K, used 213735K [0x00000000c0000000, 0x0000000100000000)
  region size 1024K, 26 young (26624K), 2 survivors (2048K)
 Metaspace       used 49469K, capacity 51789K, committed 52048K, reserved 1095680K
  class space    used 4657K, capacity 5450K, committed 5456K, reserved 1048576K
}
Event: 226.586 GC heap after
{Heap after GC invocations=99 (full 0):
 garbage-first heap   total 278528K, used 191675K [0x00000000c0000000, 0x0000000100000000)
  region size 1024K, 4 young (4096K), 4 survivors (4096K)
 Metaspace       used 49469K, capacity 51789K, committed 52048K, reserved 1095680K
  class space    used 4657K, capacity 5450K, committed 5456K, reserved 1048576K
}
Event: 242.251 GC heap before
{Heap before GC invocations=99 (full 0):
 garbage-first heap   total 278528K, used 222395K [0x00000000c0000000, 0x0000000100000000)
  region size 1024K, 34 young (34816K), 4 survivors (4096K)
 Metaspace       used 49476K, capacity 51789K, committed 52048K, reserved 1095680K
  class space    used 4657K, capacity 5450K, committed 5456K, reserved 1048576K
}
Event: 254.027 GC heap after
{Heap after GC invocations=100 (full 0):
 garbage-first heap   total 278528K, used 194700K [0x00000000c0000000, 0x0000000100000000)
  region size 1024K, 5 young (5120K), 5 survivors (5120K)
 Metaspace       used 49476K, capacity 51789K, committed 52048K, reserved 1095680K
  class space    used 4657K, capacity 5450K, committed 5456K, reserved 1048576K
}
Event: 261.386 GC heap before
{Heap before GC invocations=100 (full 0):
 garbage-first heap   total 278528K, used 202892K [0x00000000c0000000, 0x0000000100000000)
  region size 1024K, 13 young (13312K), 5 survivors (5120K)
 Metaspace       used 49476K, capacity 51789K, committed 52048K, reserved 1095680K
  class space    used 4657K, capacity 5450K, committed 5456K, reserved 1048576K
}

